c:\users\86187\desktop\毕业设计\if\if\x64\debug\vc141.pdb
c:\users\86187\desktop\毕业设计\if\if\x64\debug\vc141.idb
c:\users\86187\desktop\毕业设计\if\if\x64\debug\myfunktion.obj
c:\users\86187\desktop\毕业设计\if\if\x64\debug\if.obj
c:\users\86187\desktop\毕业设计\if\x64\debug\if.lib
c:\users\86187\desktop\毕业设计\if\x64\debug\if.exp
c:\users\86187\desktop\毕业设计\if\x64\debug\if.dll
c:\users\86187\desktop\毕业设计\if\x64\debug\if.ilk
c:\users\86187\desktop\毕业设计\if\x64\debug\if.pdb
c:\users\86187\desktop\carsimself_w2.4 加入按t键看到轨道 全局鼠标位置\if\if\x64\debug\if.obj
c:\users\86187\desktop\carsimself_w2.4 加入按t键看到轨道 全局鼠标位置\if\if\x64\debug\myfunktion.obj
c:\users\86187\desktop\carsimself_w2.4 加入按t键看到轨道 全局鼠标位置\if\if\x64\debug\vc141.idb
c:\users\86187\desktop\carsimself_w2.4 加入按t键看到轨道 全局鼠标位置\if\if\x64\debug\vc141.pdb
c:\users\86187\desktop\carsimself_w2.4 加入按t键看到轨道 全局鼠标位置\if\x64\debug\if.pdb
c:\users\86187\desktop\carsimself_w2.4 加入按t键看到轨道 全局鼠标位置\if\x64\debug\if.dll
c:\users\86187\desktop\carsimself_w2.4 加入按t键看到轨道 全局鼠标位置\if\x64\debug\if.ilk
c:\users\86187\desktop\carsimself_w2.4 加入按t键看到轨道 全局鼠标位置\if\if\x64\debug\if.tlog\cl.command.1.tlog
c:\users\86187\desktop\carsimself_w2.4 加入按t键看到轨道 全局鼠标位置\if\if\x64\debug\if.tlog\cl.read.1.tlog
c:\users\86187\desktop\carsimself_w2.4 加入按t键看到轨道 全局鼠标位置\if\if\x64\debug\if.tlog\cl.write.1.tlog
c:\users\86187\desktop\carsimself_w2.4 加入按t键看到轨道 全局鼠标位置\if\if\x64\debug\if.tlog\if.write.1u.tlog
c:\users\86187\desktop\carsimself_w2.4 加入按t键看到轨道 全局鼠标位置\if\if\x64\debug\if.tlog\link.command.1.tlog
c:\users\86187\desktop\carsimself_w2.4 加入按t键看到轨道 全局鼠标位置\if\if\x64\debug\if.tlog\link.read.1.tlog
c:\users\86187\desktop\carsimself_w2.4 加入按t键看到轨道 全局鼠标位置\if\if\x64\debug\if.tlog\link.write.1.tlog
